{
  "stats": {
    "suites": 1,
    "tests": 2,
    "passes": 2,
    "pending": 0,
    "failures": 0,
    "start": "2025-10-27T13:26:59.500Z",
    "end": "2025-10-27T13:27:02.203Z",
    "duration": 2703,
    "testsRegistered": 2,
    "passPercent": 100,
    "pendingPercent": 0,
    "other": 0,
    "hasOther": false,
    "skipped": 0,
    "hasSkipped": false
  },
  "results": [
    {
      "uuid": "5453eeb3-494c-46ce-b6e3-4b5477045f4d",
      "title": "",
      "fullFile": "cypress\\e2e\\login.cy.js",
      "file": "cypress\\e2e\\login.cy.js",
      "beforeHooks": [],
      "afterHooks": [],
      "tests": [],
      "suites": [
        {
          "uuid": "515b4b92-a291-4dfa-be58-471539dd63d1",
          "title": "Formulário de Login",
          "fullFile": "",
          "file": "",
          "beforeHooks": [],
          "afterHooks": [],
          "tests": [
            {
              "title": "Deve preencher o campo de email corretamente",
              "fullTitle": "Formulário de Login Deve preencher o campo de email corretamente",
              "timedOut": null,
              "duration": 745,
              "state": "passed",
              "speed": "fast",
              "pass": true,
              "fail": false,
              "pending": false,
              "context": null,
              "code": "cy.visit('https://example.cypress.io/commands/actions');\ncy.get('#email1').type('teste@exemplo.com').should('have.value', 'teste@exemplo.com');",
              "err": {},
              "uuid": "bb8fea8f-6911-4a98-b57f-50575fea981c",
              "parentUUID": "515b4b92-a291-4dfa-be58-471539dd63d1",
              "isHook": false,
              "skipped": false
            },
            {
              "title": "Deve exibir erro ao tentar enviar sem preencher o campo",
              "fullTitle": "Formulário de Login Deve exibir erro ao tentar enviar sem preencher o campo",
              "timedOut": null,
              "duration": 376,
              "state": "passed",
              "speed": "fast",
              "pass": true,
              "fail": false,
              "pending": false,
              "context": null,
              "code": "cy.visit('https://example.cypress.io/commands/actions');\ncy.get('#email1').clear();\ncy.get('.action-btn').click();\ncy.get('#email1').then($input => {\n  const valor = $input.val();\n  expect(valor).to.equal('', 'Campo deve estar vazio');\n});",
              "err": {},
              "uuid": "c3541949-9fcc-4259-a6b7-3fe7449f04aa",
              "parentUUID": "515b4b92-a291-4dfa-be58-471539dd63d1",
              "isHook": false,
              "skipped": false
            }
          ],
          "suites": [],
          "passes": [
            "bb8fea8f-6911-4a98-b57f-50575fea981c",
            "c3541949-9fcc-4259-a6b7-3fe7449f04aa"
          ],
          "failures": [],
          "pending": [],
          "skipped": [],
          "duration": 1121,
          "root": false,
          "rootEmpty": false,
          "_timeout": 2000
        }
      ],
      "passes": [],
      "failures": [],
      "pending": [],
      "skipped": [],
      "duration": 0,
      "root": true,
      "rootEmpty": true,
      "_timeout": 2000
    }
  ],
  "meta": {
    "mocha": {
      "version": "7.2.0"
    },
    "mochawesome": {
      "options": {
        "quiet": false,
        "reportFilename": "mochawesome",
        "saveHtml": false,
        "saveJson": true,
        "consoleReporter": "spec",
        "useInlineDiffs": false,
        "code": true
      },
      "version": "7.1.4"
    },
    "marge": {
      "options": {
        "reportDir": "cypress/reports",
        "overwrite": false,
        "html": false,
        "json": true
      },
      "version": "6.3.0"
    }
  }
}